Not Found: /favicon.ico
[UID:2723][280101] Child process with pid: 281323 was killed by signal: 15, core dumped: no
[UID:2723][280101] Child process with pid: 281706 was killed by signal: 15, core dumped: no
[UID:2723][280101] Child process with pid: 281787 was killed by signal: 15, core dumped: no
6
0
1
1
2
0
0
0
0
0
0
0
0
0
0
['0', '0', '0', '4800', '550', '0', '0', '0', '0', '0', '0', '0', '0', '0', '0']
['703', '0', '310', '0', '0', '0', '0', '0', '0', '0', '0', '0', '0', '0', '0']
6
0
1
1
2
0
0
0
0
0
0
0
0
0
0
['0', '0', '0', '4800', '550', '0', '0', '0', '0', '0', '0', '0', '0', '0', '0']
['703', '0', '310', '0', '0', '0', '0', '0', '0', '0', '0', '0', '0', '0', '0']
6
0
1
1
2
0
0
0
0
0
0
0
0
0
0
['0', '0', '0', '4800', '550', '0', '0', '0', '0', '0', '0', '0', '0', '0', '0']
['703', '0', '310', '0', '0', '0', '0', '0', '0', '0', '0', '0', '0', '0', '0']
6
0
1
1
2
0
0
0
0
0
0
0
0
0
0
['0', '0', '0', '4800', '550', '0', '0', '0', '0', '0', '0', '0', '0', '0', '0']
['703', '0', '310', '0', '0', '0', '0', '0', '0', '0', '0', '0', '0', '0', '0']
6
0
1
1
2
0
0
0
0
0
0
0
0
0
0
['4800', '550']
['703', '310']
6
0
1
1
2
0
0
0
0
0
0
0
0
0
0
['4800', '550']
['703', '310']
6
0
1
1
2
0
0
0
0
0
0
0
0
0
0
['4800', '550']
['703', '310']
